[2025-12-09T14:10:41.682+0000] {local_task_job_runner.py:120} INFO - ::group::Pre task execution logs
[2025-12-09T14:10:41.743+0000] {taskinstance.py:2076} INFO - Dependencies all met for dep_context=non-requeueable deps ti=<TaskInstance: bronze_ingestion_pipeline.wait_for_loader manual__2025-12-09T14:07:57.745028+00:00 [queued]>
[2025-12-09T14:10:41.758+0000] {taskinstance.py:2076} INFO - Dependencies all met for dep_context=requeueable deps ti=<TaskInstance: bronze_ingestion_pipeline.wait_for_loader manual__2025-12-09T14:07:57.745028+00:00 [queued]>
[2025-12-09T14:10:41.758+0000] {taskinstance.py:2306} INFO - Starting attempt 1 of 2
[2025-12-09T14:10:41.779+0000] {taskinstance.py:2330} INFO - Executing <Task(BashOperator): wait_for_loader> on 2025-12-09 14:07:57.745028+00:00
[2025-12-09T14:10:41.789+0000] {standard_task_runner.py:64} INFO - Started process 56 to run task
[2025-12-09T14:10:41.795+0000] {standard_task_runner.py:90} INFO - Running: ['***', 'tasks', 'run', 'bronze_ingestion_pipeline', 'wait_for_loader', 'manual__2025-12-09T14:07:57.745028+00:00', '--job-id', '4', '--raw', '--subdir', 'DAGS_FOLDER/ingestion_dag.py', '--cfg-path', '/tmp/tmp84syzuxj']
[2025-12-09T14:10:41.797+0000] {standard_task_runner.py:91} INFO - Job 4: Subtask wait_for_loader
[2025-12-09T14:10:41.875+0000] {task_command.py:426} INFO - Running <TaskInstance: bronze_ingestion_pipeline.wait_for_loader manual__2025-12-09T14:07:57.745028+00:00 [running]> on host 667bdba16ef1
[2025-12-09T14:10:42.000+0000] {taskinstance.py:2648} INFO - Exporting env vars: AIRFLOW_CTX_DAG_OWNER='***' AIRFLOW_CTX_DAG_ID='bronze_ingestion_pipeline' AIRFLOW_CTX_TASK_ID='wait_for_loader' AIRFLOW_CTX_EXECUTION_DATE='2025-12-09T14:07:57.745028+00:00' AIRFLOW_CTX_TRY_NUMBER='1' AIRFLOW_CTX_DAG_RUN_ID='manual__2025-12-09T14:07:57.745028+00:00'
[2025-12-09T14:10:42.002+0000] {taskinstance.py:430} INFO - ::endgroup::
[2025-12-09T14:10:42.043+0000] {subprocess.py:63} INFO - Tmp dir root location: /tmp
[2025-12-09T14:10:42.045+0000] {subprocess.py:75} INFO - Running command: ['/usr/bin/bash', '-c', 'sleep 20']
[2025-12-09T14:10:42.064+0000] {subprocess.py:86} INFO - Output:
[2025-12-09T14:11:02.104+0000] {subprocess.py:97} INFO - Command exited with return code 0
[2025-12-09T14:11:02.106+0000] {taskinstance.py:441} INFO - ::group::Post task execution logs
[2025-12-09T14:11:02.144+0000] {taskinstance.py:1206} INFO - Marking task as SUCCESS. dag_id=bronze_ingestion_pipeline, task_id=wait_for_loader, run_id=manual__2025-12-09T14:07:57.745028+00:00, execution_date=20251209T140757, start_date=20251209T141041, end_date=20251209T141102
[2025-12-09T14:11:02.209+0000] {local_task_job_runner.py:243} INFO - Task exited with return code 0
[2025-12-09T14:11:02.239+0000] {taskinstance.py:3503} INFO - 1 downstream tasks scheduled from follow-on schedule check
[2025-12-09T14:11:02.241+0000] {local_task_job_runner.py:222} INFO - ::endgroup::
