[2025-12-10T10:29:19.723+0000] {local_task_job_runner.py:120} INFO - ::group::Pre task execution logs
[2025-12-10T10:29:19.762+0000] {taskinstance.py:2076} INFO - Dependencies all met for dep_context=non-requeueable deps ti=<TaskInstance: bronze_ingestion_pipeline.wait_for_loader manual__2025-12-10T10:26:32.771596+00:00 [queued]>
[2025-12-10T10:29:19.777+0000] {taskinstance.py:2076} INFO - Dependencies all met for dep_context=requeueable deps ti=<TaskInstance: bronze_ingestion_pipeline.wait_for_loader manual__2025-12-10T10:26:32.771596+00:00 [queued]>
[2025-12-10T10:29:19.777+0000] {taskinstance.py:2306} INFO - Starting attempt 1 of 2
[2025-12-10T10:29:19.796+0000] {taskinstance.py:2330} INFO - Executing <Task(BashOperator): wait_for_loader> on 2025-12-10 10:26:32.771596+00:00
[2025-12-10T10:29:19.804+0000] {standard_task_runner.py:64} INFO - Started process 66 to run task
[2025-12-10T10:29:19.811+0000] {standard_task_runner.py:90} INFO - Running: ['***', 'tasks', 'run', 'bronze_ingestion_pipeline', 'wait_for_loader', 'manual__2025-12-10T10:26:32.771596+00:00', '--job-id', '5', '--raw', '--subdir', 'DAGS_FOLDER/ingestion_dag.py', '--cfg-path', '/tmp/tmp_qhe4g7s']
[2025-12-10T10:29:19.815+0000] {standard_task_runner.py:91} INFO - Job 5: Subtask wait_for_loader
[2025-12-10T10:29:19.911+0000] {task_command.py:426} INFO - Running <TaskInstance: bronze_ingestion_pipeline.wait_for_loader manual__2025-12-10T10:26:32.771596+00:00 [running]> on host 267041292cbb
[2025-12-10T10:29:20.033+0000] {taskinstance.py:2648} INFO - Exporting env vars: AIRFLOW_CTX_DAG_OWNER='***' AIRFLOW_CTX_DAG_ID='bronze_ingestion_pipeline' AIRFLOW_CTX_TASK_ID='wait_for_loader' AIRFLOW_CTX_EXECUTION_DATE='2025-12-10T10:26:32.771596+00:00' AIRFLOW_CTX_TRY_NUMBER='1' AIRFLOW_CTX_DAG_RUN_ID='manual__2025-12-10T10:26:32.771596+00:00'
[2025-12-10T10:29:20.034+0000] {taskinstance.py:430} INFO - ::endgroup::
[2025-12-10T10:29:20.053+0000] {subprocess.py:63} INFO - Tmp dir root location: /tmp
[2025-12-10T10:29:20.054+0000] {subprocess.py:75} INFO - Running command: ['/usr/bin/bash', '-c', 'sleep 20']
[2025-12-10T10:29:20.072+0000] {subprocess.py:86} INFO - Output:
[2025-12-10T10:29:40.084+0000] {subprocess.py:97} INFO - Command exited with return code 0
[2025-12-10T10:29:40.085+0000] {taskinstance.py:441} INFO - ::group::Post task execution logs
[2025-12-10T10:29:40.134+0000] {taskinstance.py:1206} INFO - Marking task as SUCCESS. dag_id=bronze_ingestion_pipeline, task_id=wait_for_loader, run_id=manual__2025-12-10T10:26:32.771596+00:00, execution_date=20251210T102632, start_date=20251210T102919, end_date=20251210T102940
[2025-12-10T10:29:40.194+0000] {local_task_job_runner.py:243} INFO - Task exited with return code 0
[2025-12-10T10:29:40.223+0000] {taskinstance.py:3503} INFO - 1 downstream tasks scheduled from follow-on schedule check
[2025-12-10T10:29:40.226+0000] {local_task_job_runner.py:222} INFO - ::endgroup::
