[2025-12-10T07:15:33.322+0000] {local_task_job_runner.py:120} INFO - ::group::Pre task execution logs
[2025-12-10T07:15:33.357+0000] {taskinstance.py:2076} INFO - Dependencies all met for dep_context=non-requeueable deps ti=<TaskInstance: bronze_ingestion_pipeline.wait_for_loader manual__2025-12-10T07:12:51.881036+00:00 [queued]>
[2025-12-10T07:15:33.371+0000] {taskinstance.py:2076} INFO - Dependencies all met for dep_context=requeueable deps ti=<TaskInstance: bronze_ingestion_pipeline.wait_for_loader manual__2025-12-10T07:12:51.881036+00:00 [queued]>
[2025-12-10T07:15:33.371+0000] {taskinstance.py:2306} INFO - Starting attempt 1 of 2
[2025-12-10T07:15:33.390+0000] {taskinstance.py:2330} INFO - Executing <Task(BashOperator): wait_for_loader> on 2025-12-10 07:12:51.881036+00:00
[2025-12-10T07:15:33.397+0000] {standard_task_runner.py:64} INFO - Started process 67 to run task
[2025-12-10T07:15:33.404+0000] {standard_task_runner.py:90} INFO - Running: ['***', 'tasks', 'run', 'bronze_ingestion_pipeline', 'wait_for_loader', 'manual__2025-12-10T07:12:51.881036+00:00', '--job-id', '5', '--raw', '--subdir', 'DAGS_FOLDER/ingestion_dag.py', '--cfg-path', '/tmp/tmprcw9lerw']
[2025-12-10T07:15:33.406+0000] {standard_task_runner.py:91} INFO - Job 5: Subtask wait_for_loader
[2025-12-10T07:15:33.478+0000] {task_command.py:426} INFO - Running <TaskInstance: bronze_ingestion_pipeline.wait_for_loader manual__2025-12-10T07:12:51.881036+00:00 [running]> on host e33df27ab07f
[2025-12-10T07:15:33.585+0000] {taskinstance.py:2648} INFO - Exporting env vars: AIRFLOW_CTX_DAG_OWNER='***' AIRFLOW_CTX_DAG_ID='bronze_ingestion_pipeline' AIRFLOW_CTX_TASK_ID='wait_for_loader' AIRFLOW_CTX_EXECUTION_DATE='2025-12-10T07:12:51.881036+00:00' AIRFLOW_CTX_TRY_NUMBER='1' AIRFLOW_CTX_DAG_RUN_ID='manual__2025-12-10T07:12:51.881036+00:00'
[2025-12-10T07:15:33.586+0000] {taskinstance.py:430} INFO - ::endgroup::
[2025-12-10T07:15:33.603+0000] {subprocess.py:63} INFO - Tmp dir root location: /tmp
[2025-12-10T07:15:33.604+0000] {subprocess.py:75} INFO - Running command: ['/usr/bin/bash', '-c', 'sleep 20']
[2025-12-10T07:15:33.619+0000] {subprocess.py:86} INFO - Output:
[2025-12-10T07:15:53.626+0000] {subprocess.py:97} INFO - Command exited with return code 0
[2025-12-10T07:15:53.627+0000] {taskinstance.py:441} INFO - ::group::Post task execution logs
[2025-12-10T07:15:53.665+0000] {taskinstance.py:1206} INFO - Marking task as SUCCESS. dag_id=bronze_ingestion_pipeline, task_id=wait_for_loader, run_id=manual__2025-12-10T07:12:51.881036+00:00, execution_date=20251210T071251, start_date=20251210T071533, end_date=20251210T071553
[2025-12-10T07:15:53.710+0000] {local_task_job_runner.py:243} INFO - Task exited with return code 0
[2025-12-10T07:15:53.737+0000] {taskinstance.py:3503} INFO - 1 downstream tasks scheduled from follow-on schedule check
[2025-12-10T07:15:53.739+0000] {local_task_job_runner.py:222} INFO - ::endgroup::
