[2025-12-09T10:24:26.566+0000] {local_task_job_runner.py:120} INFO - ::group::Pre task execution logs
[2025-12-09T10:24:26.601+0000] {taskinstance.py:2076} INFO - Dependencies all met for dep_context=non-requeueable deps ti=<TaskInstance: bronze_ingestion_pipeline.run_connector_service manual__2025-12-09T10:19:23.038522+00:00 [queued]>
[2025-12-09T10:24:26.613+0000] {taskinstance.py:2076} INFO - Dependencies all met for dep_context=requeueable deps ti=<TaskInstance: bronze_ingestion_pipeline.run_connector_service manual__2025-12-09T10:19:23.038522+00:00 [queued]>
[2025-12-09T10:24:26.614+0000] {taskinstance.py:2306} INFO - Starting attempt 2 of 2
[2025-12-09T10:24:26.630+0000] {taskinstance.py:2330} INFO - Executing <Task(BashOperator): run_connector_service> on 2025-12-09 10:19:23.038522+00:00
[2025-12-09T10:24:26.638+0000] {standard_task_runner.py:64} INFO - Started process 77 to run task
[2025-12-09T10:24:26.646+0000] {standard_task_runner.py:90} INFO - Running: ['***', 'tasks', 'run', 'bronze_ingestion_pipeline', 'run_connector_service', 'manual__2025-12-09T10:19:23.038522+00:00', '--job-id', '6', '--raw', '--subdir', 'DAGS_FOLDER/ingestion_dag.py', '--cfg-path', '/tmp/tmpojszew49']
[2025-12-09T10:24:26.648+0000] {standard_task_runner.py:91} INFO - Job 6: Subtask run_connector_service
[2025-12-09T10:24:26.729+0000] {task_command.py:426} INFO - Running <TaskInstance: bronze_ingestion_pipeline.run_connector_service manual__2025-12-09T10:19:23.038522+00:00 [running]> on host 0ac7f88083aa
[2025-12-09T10:24:26.895+0000] {taskinstance.py:2648} INFO - Exporting env vars: AIRFLOW_CTX_DAG_OWNER='diganta' AIRFLOW_CTX_DAG_ID='bronze_ingestion_pipeline' AIRFLOW_CTX_TASK_ID='run_connector_service' AIRFLOW_CTX_EXECUTION_DATE='2025-12-09T10:19:23.038522+00:00' AIRFLOW_CTX_TRY_NUMBER='2' AIRFLOW_CTX_DAG_RUN_ID='manual__2025-12-09T10:19:23.038522+00:00'
[2025-12-09T10:24:26.898+0000] {taskinstance.py:430} INFO - ::endgroup::
[2025-12-09T10:24:26.929+0000] {subprocess.py:63} INFO - Tmp dir root location: /tmp
[2025-12-09T10:24:26.931+0000] {subprocess.py:75} INFO - Running command: ['/usr/bin/bash', '-c', 'docker exec connector_service python3 /app/main.py']
[2025-12-09T10:24:26.946+0000] {subprocess.py:86} INFO - Output:
[2025-12-09T10:24:26.972+0000] {subprocess.py:93} INFO - Cannot connect to the Docker daemon at unix:///var/run/docker.sock. Is the docker daemon running?
[2025-12-09T10:24:26.973+0000] {subprocess.py:97} INFO - Command exited with return code 1
[2025-12-09T10:24:26.974+0000] {taskinstance.py:441} INFO - ::group::Post task execution logs
[2025-12-09T10:24:26.990+0000] {taskinstance.py:2905} ERROR - Task failed with exception
Traceback (most recent call last):
  File "/home/airflow/.local/lib/python3.10/site-packages/airflow/models/taskinstance.py", line 465, in _execute_task
    result = _execute_callable(context=context, **execute_callable_kwargs)
  File "/home/airflow/.local/lib/python3.10/site-packages/airflow/models/taskinstance.py", line 432, in _execute_callable
    return execute_callable(context=context, **execute_callable_kwargs)
  File "/home/airflow/.local/lib/python3.10/site-packages/airflow/models/baseoperator.py", line 401, in wrapper
    return func(self, *args, **kwargs)
  File "/home/airflow/.local/lib/python3.10/site-packages/airflow/operators/bash.py", line 243, in execute
    raise AirflowException(
airflow.exceptions.AirflowException: Bash command failed. The command returned a non-zero exit code 1.
[2025-12-09T10:24:26.995+0000] {taskinstance.py:1206} INFO - Marking task as FAILED. dag_id=bronze_ingestion_pipeline, task_id=run_connector_service, run_id=manual__2025-12-09T10:19:23.038522+00:00, execution_date=20251209T101923, start_date=20251209T102426, end_date=20251209T102426
[2025-12-09T10:24:27.016+0000] {standard_task_runner.py:110} ERROR - Failed to execute job 6 for task run_connector_service (Bash command failed. The command returned a non-zero exit code 1.; 77)
[2025-12-09T10:24:27.060+0000] {local_task_job_runner.py:243} INFO - Task exited with return code 1
[2025-12-09T10:24:27.096+0000] {taskinstance.py:3503} INFO - 0 downstream tasks scheduled from follow-on schedule check
[2025-12-09T10:24:27.102+0000] {local_task_job_runner.py:222} INFO - ::endgroup::
