[2025-12-09T10:19:24.951+0000] {local_task_job_runner.py:120} INFO - ::group::Pre task execution logs
[2025-12-09T10:19:25.018+0000] {taskinstance.py:2076} INFO - Dependencies all met for dep_context=non-requeueable deps ti=<TaskInstance: bronze_ingestion_pipeline.run_connector_service manual__2025-12-09T10:19:23.038522+00:00 [queued]>
[2025-12-09T10:19:25.032+0000] {taskinstance.py:2076} INFO - Dependencies all met for dep_context=requeueable deps ti=<TaskInstance: bronze_ingestion_pipeline.run_connector_service manual__2025-12-09T10:19:23.038522+00:00 [queued]>
[2025-12-09T10:19:25.033+0000] {taskinstance.py:2306} INFO - Starting attempt 1 of 2
[2025-12-09T10:19:25.062+0000] {taskinstance.py:2330} INFO - Executing <Task(BashOperator): run_connector_service> on 2025-12-09 10:19:23.038522+00:00
[2025-12-09T10:19:25.075+0000] {standard_task_runner.py:64} INFO - Started process 56 to run task
[2025-12-09T10:19:25.099+0000] {standard_task_runner.py:90} INFO - Running: ['***', 'tasks', 'run', 'bronze_ingestion_pipeline', 'run_connector_service', 'manual__2025-12-09T10:19:23.038522+00:00', '--job-id', '4', '--raw', '--subdir', 'DAGS_FOLDER/ingestion_dag.py', '--cfg-path', '/tmp/tmpd7o16d_b']
[2025-12-09T10:19:25.101+0000] {standard_task_runner.py:91} INFO - Job 4: Subtask run_connector_service
[2025-12-09T10:19:25.297+0000] {task_command.py:426} INFO - Running <TaskInstance: bronze_ingestion_pipeline.run_connector_service manual__2025-12-09T10:19:23.038522+00:00 [running]> on host 0ac7f88083aa
[2025-12-09T10:19:25.517+0000] {taskinstance.py:2648} INFO - Exporting env vars: AIRFLOW_CTX_DAG_OWNER='diganta' AIRFLOW_CTX_DAG_ID='bronze_ingestion_pipeline' AIRFLOW_CTX_TASK_ID='run_connector_service' AIRFLOW_CTX_EXECUTION_DATE='2025-12-09T10:19:23.038522+00:00' AIRFLOW_CTX_TRY_NUMBER='1' AIRFLOW_CTX_DAG_RUN_ID='manual__2025-12-09T10:19:23.038522+00:00'
[2025-12-09T10:19:25.519+0000] {taskinstance.py:430} INFO - ::endgroup::
[2025-12-09T10:19:25.565+0000] {subprocess.py:63} INFO - Tmp dir root location: /tmp
[2025-12-09T10:19:25.567+0000] {subprocess.py:75} INFO - Running command: ['/usr/bin/bash', '-c', 'docker exec connector_service python3 /app/main.py']
[2025-12-09T10:19:25.593+0000] {subprocess.py:86} INFO - Output:
[2025-12-09T10:19:25.656+0000] {subprocess.py:93} INFO - Cannot connect to the Docker daemon at unix:///var/run/docker.sock. Is the docker daemon running?
[2025-12-09T10:19:25.667+0000] {subprocess.py:97} INFO - Command exited with return code 1
[2025-12-09T10:19:25.668+0000] {taskinstance.py:441} INFO - ::group::Post task execution logs
[2025-12-09T10:19:25.695+0000] {taskinstance.py:2905} ERROR - Task failed with exception
Traceback (most recent call last):
  File "/home/airflow/.local/lib/python3.10/site-packages/airflow/models/taskinstance.py", line 465, in _execute_task
    result = _execute_callable(context=context, **execute_callable_kwargs)
  File "/home/airflow/.local/lib/python3.10/site-packages/airflow/models/taskinstance.py", line 432, in _execute_callable
    return execute_callable(context=context, **execute_callable_kwargs)
  File "/home/airflow/.local/lib/python3.10/site-packages/airflow/models/baseoperator.py", line 401, in wrapper
    return func(self, *args, **kwargs)
  File "/home/airflow/.local/lib/python3.10/site-packages/airflow/operators/bash.py", line 243, in execute
    raise AirflowException(
airflow.exceptions.AirflowException: Bash command failed. The command returned a non-zero exit code 1.
[2025-12-09T10:19:25.713+0000] {taskinstance.py:1206} INFO - Marking task as UP_FOR_RETRY. dag_id=bronze_ingestion_pipeline, task_id=run_connector_service, run_id=manual__2025-12-09T10:19:23.038522+00:00, execution_date=20251209T101923, start_date=20251209T101925, end_date=20251209T101925
[2025-12-09T10:19:25.751+0000] {standard_task_runner.py:110} ERROR - Failed to execute job 4 for task run_connector_service (Bash command failed. The command returned a non-zero exit code 1.; 56)
[2025-12-09T10:19:25.787+0000] {local_task_job_runner.py:243} INFO - Task exited with return code 1
[2025-12-09T10:19:25.833+0000] {taskinstance.py:3503} INFO - 0 downstream tasks scheduled from follow-on schedule check
[2025-12-09T10:19:25.836+0000] {local_task_job_runner.py:222} INFO - ::endgroup::
