[2025-12-09T13:12:38.844+0000] {local_task_job_runner.py:120} INFO - ::group::Pre task execution logs
[2025-12-09T13:12:38.887+0000] {taskinstance.py:2076} INFO - Dependencies all met for dep_context=non-requeueable deps ti=<TaskInstance: bronze_ingestion_pipeline.run_connector manual__2025-12-09T13:12:36.551707+00:00 [queued]>
[2025-12-09T13:12:38.900+0000] {taskinstance.py:2076} INFO - Dependencies all met for dep_context=requeueable deps ti=<TaskInstance: bronze_ingestion_pipeline.run_connector manual__2025-12-09T13:12:36.551707+00:00 [queued]>
[2025-12-09T13:12:38.900+0000] {taskinstance.py:2306} INFO - Starting attempt 1 of 2
[2025-12-09T13:12:38.918+0000] {taskinstance.py:2330} INFO - Executing <Task(BashOperator): run_connector> on 2025-12-09 13:12:36.551707+00:00
[2025-12-09T13:12:38.928+0000] {standard_task_runner.py:64} INFO - Started process 46 to run task
[2025-12-09T13:12:38.935+0000] {standard_task_runner.py:90} INFO - Running: ['***', 'tasks', 'run', 'bronze_ingestion_pipeline', 'run_connector', 'manual__2025-12-09T13:12:36.551707+00:00', '--job-id', '3', '--raw', '--subdir', 'DAGS_FOLDER/ingestion_dag.py', '--cfg-path', '/tmp/tmpn6fyushn']
[2025-12-09T13:12:38.940+0000] {standard_task_runner.py:91} INFO - Job 3: Subtask run_connector
[2025-12-09T13:12:39.078+0000] {task_command.py:426} INFO - Running <TaskInstance: bronze_ingestion_pipeline.run_connector manual__2025-12-09T13:12:36.551707+00:00 [running]> on host b8a7058602eb
[2025-12-09T13:12:39.251+0000] {taskinstance.py:2648} INFO - Exporting env vars: AIRFLOW_CTX_DAG_OWNER='***' AIRFLOW_CTX_DAG_ID='bronze_ingestion_pipeline' AIRFLOW_CTX_TASK_ID='run_connector' AIRFLOW_CTX_EXECUTION_DATE='2025-12-09T13:12:36.551707+00:00' AIRFLOW_CTX_TRY_NUMBER='1' AIRFLOW_CTX_DAG_RUN_ID='manual__2025-12-09T13:12:36.551707+00:00'
[2025-12-09T13:12:39.254+0000] {taskinstance.py:430} INFO - ::endgroup::
[2025-12-09T13:12:39.318+0000] {subprocess.py:63} INFO - Tmp dir root location: /tmp
[2025-12-09T13:12:39.320+0000] {subprocess.py:75} INFO - Running command: ['/usr/bin/bash', '-c', 'docker exec connector_service python3 /app/main.py']
[2025-12-09T13:12:39.342+0000] {subprocess.py:86} INFO - Output:
[2025-12-09T13:12:39.634+0000] {subprocess.py:93} INFO - Error response from daemon: container 34dc1155c756501281194876b319630ae02ad30b6f6858abd3344c7f807c3383 is not running
[2025-12-09T13:12:39.636+0000] {subprocess.py:97} INFO - Command exited with return code 1
[2025-12-09T13:12:39.638+0000] {taskinstance.py:441} INFO - ::group::Post task execution logs
[2025-12-09T13:12:39.659+0000] {taskinstance.py:2905} ERROR - Task failed with exception
Traceback (most recent call last):
  File "/home/airflow/.local/lib/python3.10/site-packages/airflow/models/taskinstance.py", line 465, in _execute_task
    result = _execute_callable(context=context, **execute_callable_kwargs)
  File "/home/airflow/.local/lib/python3.10/site-packages/airflow/models/taskinstance.py", line 432, in _execute_callable
    return execute_callable(context=context, **execute_callable_kwargs)
  File "/home/airflow/.local/lib/python3.10/site-packages/airflow/models/baseoperator.py", line 401, in wrapper
    return func(self, *args, **kwargs)
  File "/home/airflow/.local/lib/python3.10/site-packages/airflow/operators/bash.py", line 243, in execute
    raise AirflowException(
airflow.exceptions.AirflowException: Bash command failed. The command returned a non-zero exit code 1.
[2025-12-09T13:12:39.665+0000] {taskinstance.py:1206} INFO - Marking task as UP_FOR_RETRY. dag_id=bronze_ingestion_pipeline, task_id=run_connector, run_id=manual__2025-12-09T13:12:36.551707+00:00, execution_date=20251209T131236, start_date=20251209T131238, end_date=20251209T131239
[2025-12-09T13:12:39.684+0000] {standard_task_runner.py:110} ERROR - Failed to execute job 3 for task run_connector (Bash command failed. The command returned a non-zero exit code 1.; 46)
[2025-12-09T13:12:39.719+0000] {local_task_job_runner.py:243} INFO - Task exited with return code 1
[2025-12-09T13:12:39.754+0000] {taskinstance.py:3503} INFO - 0 downstream tasks scheduled from follow-on schedule check
[2025-12-09T13:12:39.757+0000] {local_task_job_runner.py:222} INFO - ::endgroup::
