[2025-12-09T10:19:18.017+0000] {local_task_job_runner.py:120} INFO - ::group::Pre task execution logs
[2025-12-09T10:19:18.089+0000] {taskinstance.py:2076} INFO - Dependencies all met for dep_context=non-requeueable deps ti=<TaskInstance: bronze_ingestion_pipeline.run_connector_service scheduled__2025-12-08T00:00:00+00:00 [queued]>
[2025-12-09T10:19:18.110+0000] {taskinstance.py:2076} INFO - Dependencies all met for dep_context=requeueable deps ti=<TaskInstance: bronze_ingestion_pipeline.run_connector_service scheduled__2025-12-08T00:00:00+00:00 [queued]>
[2025-12-09T10:19:18.110+0000] {taskinstance.py:2306} INFO - Starting attempt 1 of 2
[2025-12-09T10:19:18.153+0000] {taskinstance.py:2330} INFO - Executing <Task(BashOperator): run_connector_service> on 2025-12-08 00:00:00+00:00
[2025-12-09T10:19:18.163+0000] {standard_task_runner.py:64} INFO - Started process 45 to run task
[2025-12-09T10:19:18.172+0000] {standard_task_runner.py:90} INFO - Running: ['***', 'tasks', 'run', 'bronze_ingestion_pipeline', 'run_connector_service', 'scheduled__2025-12-08T00:00:00+00:00', '--job-id', '3', '--raw', '--subdir', 'DAGS_FOLDER/ingestion_dag.py', '--cfg-path', '/tmp/tmppucjytbl']
[2025-12-09T10:19:18.174+0000] {standard_task_runner.py:91} INFO - Job 3: Subtask run_connector_service
[2025-12-09T10:19:18.309+0000] {task_command.py:426} INFO - Running <TaskInstance: bronze_ingestion_pipeline.run_connector_service scheduled__2025-12-08T00:00:00+00:00 [running]> on host 0ac7f88083aa
[2025-12-09T10:19:18.578+0000] {taskinstance.py:2648} INFO - Exporting env vars: AIRFLOW_CTX_DAG_OWNER='diganta' AIRFLOW_CTX_DAG_ID='bronze_ingestion_pipeline' AIRFLOW_CTX_TASK_ID='run_connector_service' AIRFLOW_CTX_EXECUTION_DATE='2025-12-08T00:00:00+00:00' AIRFLOW_CTX_TRY_NUMBER='1' AIRFLOW_CTX_DAG_RUN_ID='scheduled__2025-12-08T00:00:00+00:00'
[2025-12-09T10:19:18.579+0000] {taskinstance.py:430} INFO - ::endgroup::
[2025-12-09T10:19:18.654+0000] {subprocess.py:63} INFO - Tmp dir root location: /tmp
[2025-12-09T10:19:18.656+0000] {subprocess.py:75} INFO - Running command: ['/usr/bin/bash', '-c', 'docker exec connector_service python3 /app/main.py']
[2025-12-09T10:19:18.684+0000] {subprocess.py:86} INFO - Output:
[2025-12-09T10:19:19.079+0000] {subprocess.py:93} INFO - Cannot connect to the Docker daemon at unix:///var/run/docker.sock. Is the docker daemon running?
[2025-12-09T10:19:19.083+0000] {subprocess.py:97} INFO - Command exited with return code 1
[2025-12-09T10:19:19.085+0000] {taskinstance.py:441} INFO - ::group::Post task execution logs
[2025-12-09T10:19:19.115+0000] {taskinstance.py:2905} ERROR - Task failed with exception
Traceback (most recent call last):
  File "/home/airflow/.local/lib/python3.10/site-packages/airflow/models/taskinstance.py", line 465, in _execute_task
    result = _execute_callable(context=context, **execute_callable_kwargs)
  File "/home/airflow/.local/lib/python3.10/site-packages/airflow/models/taskinstance.py", line 432, in _execute_callable
    return execute_callable(context=context, **execute_callable_kwargs)
  File "/home/airflow/.local/lib/python3.10/site-packages/airflow/models/baseoperator.py", line 401, in wrapper
    return func(self, *args, **kwargs)
  File "/home/airflow/.local/lib/python3.10/site-packages/airflow/operators/bash.py", line 243, in execute
    raise AirflowException(
airflow.exceptions.AirflowException: Bash command failed. The command returned a non-zero exit code 1.
[2025-12-09T10:19:19.128+0000] {taskinstance.py:1206} INFO - Marking task as UP_FOR_RETRY. dag_id=bronze_ingestion_pipeline, task_id=run_connector_service, run_id=scheduled__2025-12-08T00:00:00+00:00, execution_date=20251208T000000, start_date=20251209T101918, end_date=20251209T101919
[2025-12-09T10:19:19.164+0000] {standard_task_runner.py:110} ERROR - Failed to execute job 3 for task run_connector_service (Bash command failed. The command returned a non-zero exit code 1.; 45)
[2025-12-09T10:19:19.196+0000] {local_task_job_runner.py:243} INFO - Task exited with return code 1
[2025-12-09T10:19:19.253+0000] {taskinstance.py:3503} INFO - 0 downstream tasks scheduled from follow-on schedule check
[2025-12-09T10:19:19.261+0000] {local_task_job_runner.py:222} INFO - ::endgroup::
[2025-12-09T11:48:23.108+0000] {local_task_job_runner.py:120} INFO - ::group::Pre task execution logs
[2025-12-09T11:48:23.147+0000] {taskinstance.py:2076} INFO - Dependencies all met for dep_context=non-requeueable deps ti=<TaskInstance: bronze_ingestion_pipeline.run_connector_service scheduled__2025-12-08T00:00:00+00:00 [queued]>
[2025-12-09T11:48:23.161+0000] {taskinstance.py:2076} INFO - Dependencies all met for dep_context=requeueable deps ti=<TaskInstance: bronze_ingestion_pipeline.run_connector_service scheduled__2025-12-08T00:00:00+00:00 [queued]>
[2025-12-09T11:48:23.161+0000] {taskinstance.py:2306} INFO - Starting attempt 1 of 2
[2025-12-09T11:48:23.179+0000] {taskinstance.py:2330} INFO - Executing <Task(BashOperator): run_connector_service> on 2025-12-08 00:00:00+00:00
[2025-12-09T11:48:23.187+0000] {standard_task_runner.py:64} INFO - Started process 44 to run task
[2025-12-09T11:48:23.197+0000] {standard_task_runner.py:90} INFO - Running: ['***', 'tasks', 'run', 'bronze_ingestion_pipeline', 'run_connector_service', 'scheduled__2025-12-08T00:00:00+00:00', '--job-id', '3', '--raw', '--subdir', 'DAGS_FOLDER/ingestion_dag.py', '--cfg-path', '/tmp/tmp83ud9geb']
[2025-12-09T11:48:23.200+0000] {standard_task_runner.py:91} INFO - Job 3: Subtask run_connector_service
[2025-12-09T11:48:23.332+0000] {task_command.py:426} INFO - Running <TaskInstance: bronze_ingestion_pipeline.run_connector_service scheduled__2025-12-08T00:00:00+00:00 [running]> on host 60193b4b408b
[2025-12-09T11:48:23.481+0000] {taskinstance.py:2648} INFO - Exporting env vars: AIRFLOW_CTX_DAG_OWNER='diganta' AIRFLOW_CTX_DAG_ID='bronze_ingestion_pipeline' AIRFLOW_CTX_TASK_ID='run_connector_service' AIRFLOW_CTX_EXECUTION_DATE='2025-12-08T00:00:00+00:00' AIRFLOW_CTX_TRY_NUMBER='1' AIRFLOW_CTX_DAG_RUN_ID='scheduled__2025-12-08T00:00:00+00:00'
[2025-12-09T11:48:23.484+0000] {taskinstance.py:430} INFO - ::endgroup::
[2025-12-09T11:48:23.531+0000] {subprocess.py:63} INFO - Tmp dir root location: /tmp
[2025-12-09T11:48:23.532+0000] {subprocess.py:75} INFO - Running command: ['/usr/bin/bash', '-c', 'docker exec connector_service python3 /app/main.py']
[2025-12-09T11:48:23.549+0000] {subprocess.py:86} INFO - Output:
[2025-12-09T11:48:23.676+0000] {subprocess.py:93} INFO - Cannot connect to the Docker daemon at unix:///var/run/docker.sock. Is the docker daemon running?
[2025-12-09T11:48:23.682+0000] {subprocess.py:97} INFO - Command exited with return code 1
[2025-12-09T11:48:23.683+0000] {taskinstance.py:441} INFO - ::group::Post task execution logs
[2025-12-09T11:48:23.709+0000] {taskinstance.py:2905} ERROR - Task failed with exception
Traceback (most recent call last):
  File "/home/airflow/.local/lib/python3.10/site-packages/airflow/models/taskinstance.py", line 465, in _execute_task
    result = _execute_callable(context=context, **execute_callable_kwargs)
  File "/home/airflow/.local/lib/python3.10/site-packages/airflow/models/taskinstance.py", line 432, in _execute_callable
    return execute_callable(context=context, **execute_callable_kwargs)
  File "/home/airflow/.local/lib/python3.10/site-packages/airflow/models/baseoperator.py", line 401, in wrapper
    return func(self, *args, **kwargs)
  File "/home/airflow/.local/lib/python3.10/site-packages/airflow/operators/bash.py", line 243, in execute
    raise AirflowException(
airflow.exceptions.AirflowException: Bash command failed. The command returned a non-zero exit code 1.
[2025-12-09T11:48:23.717+0000] {taskinstance.py:1206} INFO - Marking task as UP_FOR_RETRY. dag_id=bronze_ingestion_pipeline, task_id=run_connector_service, run_id=scheduled__2025-12-08T00:00:00+00:00, execution_date=20251208T000000, start_date=20251209T114823, end_date=20251209T114823
[2025-12-09T11:48:23.751+0000] {standard_task_runner.py:110} ERROR - Failed to execute job 3 for task run_connector_service (Bash command failed. The command returned a non-zero exit code 1.; 44)
[2025-12-09T11:48:23.776+0000] {local_task_job_runner.py:243} INFO - Task exited with return code 1
[2025-12-09T11:48:23.800+0000] {local_task_job_runner.py:222} INFO - ::endgroup::
