[2025-12-10T05:39:27.993+0000] {local_task_job_runner.py:120} INFO - ::group::Pre task execution logs
[2025-12-10T05:39:28.048+0000] {taskinstance.py:2076} INFO - Dependencies all met for dep_context=non-requeueable deps ti=<TaskInstance: bronze_ingestion_pipeline.wait_for_loader manual__2025-12-10T05:36:50.216349+00:00 [queued]>
[2025-12-10T05:39:28.062+0000] {taskinstance.py:2076} INFO - Dependencies all met for dep_context=requeueable deps ti=<TaskInstance: bronze_ingestion_pipeline.wait_for_loader manual__2025-12-10T05:36:50.216349+00:00 [queued]>
[2025-12-10T05:39:28.062+0000] {taskinstance.py:2306} INFO - Starting attempt 1 of 2
[2025-12-10T05:39:28.080+0000] {taskinstance.py:2330} INFO - Executing <Task(BashOperator): wait_for_loader> on 2025-12-10 05:36:50.216349+00:00
[2025-12-10T05:39:28.088+0000] {standard_task_runner.py:64} INFO - Started process 57 to run task
[2025-12-10T05:39:28.093+0000] {standard_task_runner.py:90} INFO - Running: ['***', 'tasks', 'run', 'bronze_ingestion_pipeline', 'wait_for_loader', 'manual__2025-12-10T05:36:50.216349+00:00', '--job-id', '4', '--raw', '--subdir', 'DAGS_FOLDER/ingestion_dag.py', '--cfg-path', '/tmp/tmpdzw7equy']
[2025-12-10T05:39:28.095+0000] {standard_task_runner.py:91} INFO - Job 4: Subtask wait_for_loader
[2025-12-10T05:39:28.169+0000] {task_command.py:426} INFO - Running <TaskInstance: bronze_ingestion_pipeline.wait_for_loader manual__2025-12-10T05:36:50.216349+00:00 [running]> on host 40a80034401e
[2025-12-10T05:39:28.297+0000] {taskinstance.py:2648} INFO - Exporting env vars: AIRFLOW_CTX_DAG_OWNER='***' AIRFLOW_CTX_DAG_ID='bronze_ingestion_pipeline' AIRFLOW_CTX_TASK_ID='wait_for_loader' AIRFLOW_CTX_EXECUTION_DATE='2025-12-10T05:36:50.216349+00:00' AIRFLOW_CTX_TRY_NUMBER='1' AIRFLOW_CTX_DAG_RUN_ID='manual__2025-12-10T05:36:50.216349+00:00'
[2025-12-10T05:39:28.300+0000] {taskinstance.py:430} INFO - ::endgroup::
[2025-12-10T05:39:28.327+0000] {subprocess.py:63} INFO - Tmp dir root location: /tmp
[2025-12-10T05:39:28.328+0000] {subprocess.py:75} INFO - Running command: ['/usr/bin/bash', '-c', 'sleep 20']
[2025-12-10T05:39:28.349+0000] {subprocess.py:86} INFO - Output:
[2025-12-10T05:39:48.412+0000] {subprocess.py:97} INFO - Command exited with return code 0
[2025-12-10T05:39:48.414+0000] {taskinstance.py:441} INFO - ::group::Post task execution logs
[2025-12-10T05:39:48.453+0000] {taskinstance.py:1206} INFO - Marking task as SUCCESS. dag_id=bronze_ingestion_pipeline, task_id=wait_for_loader, run_id=manual__2025-12-10T05:36:50.216349+00:00, execution_date=20251210T053650, start_date=20251210T053928, end_date=20251210T053948
[2025-12-10T05:39:48.489+0000] {local_task_job_runner.py:243} INFO - Task exited with return code 0
[2025-12-10T05:39:48.517+0000] {taskinstance.py:3503} INFO - 1 downstream tasks scheduled from follow-on schedule check
[2025-12-10T05:39:48.519+0000] {local_task_job_runner.py:222} INFO - ::endgroup::
