[2025-12-09T12:45:07.467+0000] {local_task_job_runner.py:120} INFO - ::group::Pre task execution logs
[2025-12-09T12:45:07.509+0000] {taskinstance.py:2076} INFO - Dependencies all met for dep_context=non-requeueable deps ti=<TaskInstance: bronze_ingestion_pipeline.run_connector manual__2025-12-09T12:45:05.444205+00:00 [queued]>
[2025-12-09T12:45:07.526+0000] {taskinstance.py:2076} INFO - Dependencies all met for dep_context=requeueable deps ti=<TaskInstance: bronze_ingestion_pipeline.run_connector manual__2025-12-09T12:45:05.444205+00:00 [queued]>
[2025-12-09T12:45:07.527+0000] {taskinstance.py:2306} INFO - Starting attempt 1 of 1
[2025-12-09T12:45:07.551+0000] {taskinstance.py:2330} INFO - Executing <Task(DockerOperator): run_connector> on 2025-12-09 12:45:05.444205+00:00
[2025-12-09T12:45:07.561+0000] {standard_task_runner.py:64} INFO - Started process 44 to run task
[2025-12-09T12:45:07.571+0000] {standard_task_runner.py:90} INFO - Running: ['***', 'tasks', 'run', 'bronze_ingestion_pipeline', 'run_connector', 'manual__2025-12-09T12:45:05.444205+00:00', '--job-id', '3', '--raw', '--subdir', 'DAGS_FOLDER/ingestion_dag.py', '--cfg-path', '/tmp/tmps8l2fs85']
[2025-12-09T12:45:07.574+0000] {standard_task_runner.py:91} INFO - Job 3: Subtask run_connector
[2025-12-09T12:45:07.697+0000] {task_command.py:426} INFO - Running <TaskInstance: bronze_ingestion_pipeline.run_connector manual__2025-12-09T12:45:05.444205+00:00 [running]> on host 77bf9cb685ae
[2025-12-09T12:45:07.845+0000] {taskinstance.py:2648} INFO - Exporting env vars: AIRFLOW_CTX_DAG_OWNER='***' AIRFLOW_CTX_DAG_ID='bronze_ingestion_pipeline' AIRFLOW_CTX_TASK_ID='run_connector' AIRFLOW_CTX_EXECUTION_DATE='2025-12-09T12:45:05.444205+00:00' AIRFLOW_CTX_TRY_NUMBER='1' AIRFLOW_CTX_DAG_RUN_ID='manual__2025-12-09T12:45:05.444205+00:00'
[2025-12-09T12:45:07.846+0000] {taskinstance.py:430} INFO - ::endgroup::
[2025-12-09T12:45:07.896+0000] {docker.py:157} ERROR - Failed to establish connection to Docker host unix://var/run/docker.sock: Error while fetching server API version: ('Connection aborted.', PermissionError(13, 'Permission denied'))
[2025-12-09T12:45:07.896+0000] {taskinstance.py:441} INFO - ::group::Post task execution logs
[2025-12-09T12:45:07.910+0000] {taskinstance.py:2905} ERROR - Task failed with exception
Traceback (most recent call last):
  File "/home/airflow/.local/lib/python3.10/site-packages/airflow/models/taskinstance.py", line 465, in _execute_task
    result = _execute_callable(context=context, **execute_callable_kwargs)
  File "/home/airflow/.local/lib/python3.10/site-packages/airflow/models/taskinstance.py", line 432, in _execute_callable
    return execute_callable(context=context, **execute_callable_kwargs)
  File "/home/airflow/.local/lib/python3.10/site-packages/airflow/models/baseoperator.py", line 401, in wrapper
    return func(self, *args, **kwargs)
  File "/home/airflow/.local/lib/python3.10/site-packages/airflow/providers/docker/operators/docker.py", line 495, in execute
    if self.force_pull or not self.cli.images(name=self.image):
  File "/home/airflow/.local/lib/python3.10/site-packages/airflow/providers/docker/operators/docker.py", line 363, in cli
    return self.hook.api_client
  File "/usr/local/lib/python3.10/functools.py", line 981, in __get__
    val = self.func(instance)
  File "/home/airflow/.local/lib/python3.10/site-packages/airflow/providers/docker/hooks/docker.py", line 161, in api_client
    raise AirflowException("Failed to establish connection to any given Docker hosts.")
airflow.exceptions.AirflowException: Failed to establish connection to any given Docker hosts.
[2025-12-09T12:45:07.916+0000] {taskinstance.py:1206} INFO - Marking task as FAILED. dag_id=bronze_ingestion_pipeline, task_id=run_connector, run_id=manual__2025-12-09T12:45:05.444205+00:00, execution_date=20251209T124505, start_date=20251209T124507, end_date=20251209T124507
[2025-12-09T12:45:07.934+0000] {standard_task_runner.py:110} ERROR - Failed to execute job 3 for task run_connector (Failed to establish connection to any given Docker hosts.; 44)
[2025-12-09T12:45:07.949+0000] {local_task_job_runner.py:243} INFO - Task exited with return code 1
[2025-12-09T12:45:07.977+0000] {taskinstance.py:3503} INFO - 0 downstream tasks scheduled from follow-on schedule check
[2025-12-09T12:45:07.980+0000] {local_task_job_runner.py:222} INFO - ::endgroup::
