[2025-12-09T14:03:34.377+0000] {local_task_job_runner.py:120} INFO - ::group::Pre task execution logs
[2025-12-09T14:03:34.413+0000] {taskinstance.py:2076} INFO - Dependencies all met for dep_context=non-requeueable deps ti=<TaskInstance: bronze_ingestion_pipeline.wait_for_loader manual__2025-12-09T13:54:27.911793+00:00 [queued]>
[2025-12-09T14:03:34.428+0000] {taskinstance.py:2076} INFO - Dependencies all met for dep_context=requeueable deps ti=<TaskInstance: bronze_ingestion_pipeline.wait_for_loader manual__2025-12-09T13:54:27.911793+00:00 [queued]>
[2025-12-09T14:03:34.429+0000] {taskinstance.py:2306} INFO - Starting attempt 1 of 2
[2025-12-09T14:03:34.452+0000] {taskinstance.py:2330} INFO - Executing <Task(BashOperator): wait_for_loader> on 2025-12-09 13:54:27.911793+00:00
[2025-12-09T14:03:34.460+0000] {standard_task_runner.py:64} INFO - Started process 67 to run task
[2025-12-09T14:03:34.469+0000] {standard_task_runner.py:90} INFO - Running: ['***', 'tasks', 'run', 'bronze_ingestion_pipeline', 'wait_for_loader', 'manual__2025-12-09T13:54:27.911793+00:00', '--job-id', '5', '--raw', '--subdir', 'DAGS_FOLDER/ingestion_dag.py', '--cfg-path', '/tmp/tmpccn6ju2u']
[2025-12-09T14:03:34.473+0000] {standard_task_runner.py:91} INFO - Job 5: Subtask wait_for_loader
[2025-12-09T14:03:34.603+0000] {task_command.py:426} INFO - Running <TaskInstance: bronze_ingestion_pipeline.wait_for_loader manual__2025-12-09T13:54:27.911793+00:00 [running]> on host c549e5223045
[2025-12-09T14:03:34.743+0000] {taskinstance.py:2648} INFO - Exporting env vars: AIRFLOW_CTX_DAG_OWNER='***' AIRFLOW_CTX_DAG_ID='bronze_ingestion_pipeline' AIRFLOW_CTX_TASK_ID='wait_for_loader' AIRFLOW_CTX_EXECUTION_DATE='2025-12-09T13:54:27.911793+00:00' AIRFLOW_CTX_TRY_NUMBER='1' AIRFLOW_CTX_DAG_RUN_ID='manual__2025-12-09T13:54:27.911793+00:00'
[2025-12-09T14:03:34.745+0000] {taskinstance.py:430} INFO - ::endgroup::
[2025-12-09T14:03:34.782+0000] {subprocess.py:63} INFO - Tmp dir root location: /tmp
[2025-12-09T14:03:34.784+0000] {subprocess.py:75} INFO - Running command: ['/usr/bin/bash', '-c', 'sleep 20']
[2025-12-09T14:03:34.802+0000] {subprocess.py:86} INFO - Output:
[2025-12-09T14:03:54.847+0000] {subprocess.py:97} INFO - Command exited with return code 0
[2025-12-09T14:03:54.848+0000] {taskinstance.py:441} INFO - ::group::Post task execution logs
[2025-12-09T14:03:54.889+0000] {taskinstance.py:1206} INFO - Marking task as SUCCESS. dag_id=bronze_ingestion_pipeline, task_id=wait_for_loader, run_id=manual__2025-12-09T13:54:27.911793+00:00, execution_date=20251209T135427, start_date=20251209T140334, end_date=20251209T140354
[2025-12-09T14:03:54.927+0000] {local_task_job_runner.py:243} INFO - Task exited with return code 0
[2025-12-09T14:03:54.969+0000] {taskinstance.py:3503} INFO - 1 downstream tasks scheduled from follow-on schedule check
[2025-12-09T14:03:54.975+0000] {local_task_job_runner.py:222} INFO - ::endgroup::
