[2025-12-09T12:34:21.421+0000] {local_task_job_runner.py:120} INFO - ::group::Pre task execution logs
[2025-12-09T12:34:21.478+0000] {taskinstance.py:2076} INFO - Dependencies all met for dep_context=non-requeueable deps ti=<TaskInstance: bronze_ingestion_pipeline.run_connector scheduled__2025-12-08T00:00:00+00:00 [queued]>
[2025-12-09T12:34:21.492+0000] {taskinstance.py:2076} INFO - Dependencies all met for dep_context=requeueable deps ti=<TaskInstance: bronze_ingestion_pipeline.run_connector scheduled__2025-12-08T00:00:00+00:00 [queued]>
[2025-12-09T12:34:21.493+0000] {taskinstance.py:2306} INFO - Starting attempt 1 of 1
[2025-12-09T12:34:21.511+0000] {taskinstance.py:2330} INFO - Executing <Task(DockerOperator): run_connector> on 2025-12-08 00:00:00+00:00
[2025-12-09T12:34:21.520+0000] {standard_task_runner.py:64} INFO - Started process 45 to run task
[2025-12-09T12:34:21.529+0000] {standard_task_runner.py:90} INFO - Running: ['***', 'tasks', 'run', 'bronze_ingestion_pipeline', 'run_connector', 'scheduled__2025-12-08T00:00:00+00:00', '--job-id', '10', '--raw', '--subdir', 'DAGS_FOLDER/ingestion_dag.py', '--cfg-path', '/tmp/tmpyyxt8290']
[2025-12-09T12:34:21.531+0000] {standard_task_runner.py:91} INFO - Job 10: Subtask run_connector
[2025-12-09T12:34:21.617+0000] {task_command.py:426} INFO - Running <TaskInstance: bronze_ingestion_pipeline.run_connector scheduled__2025-12-08T00:00:00+00:00 [running]> on host c441a56bc2da
[2025-12-09T12:34:21.753+0000] {taskinstance.py:2648} INFO - Exporting env vars: AIRFLOW_CTX_DAG_OWNER='***' AIRFLOW_CTX_DAG_ID='bronze_ingestion_pipeline' AIRFLOW_CTX_TASK_ID='run_connector' AIRFLOW_CTX_EXECUTION_DATE='2025-12-08T00:00:00+00:00' AIRFLOW_CTX_TRY_NUMBER='1' AIRFLOW_CTX_DAG_RUN_ID='scheduled__2025-12-08T00:00:00+00:00'
[2025-12-09T12:34:21.754+0000] {taskinstance.py:430} INFO - ::endgroup::
[2025-12-09T12:34:21.803+0000] {docker.py:157} ERROR - Failed to establish connection to Docker host unix://var/run/docker.sock: Error while fetching server API version: ('Connection aborted.', FileNotFoundError(2, 'No such file or directory'))
[2025-12-09T12:34:21.806+0000] {taskinstance.py:441} INFO - ::group::Post task execution logs
[2025-12-09T12:34:21.819+0000] {taskinstance.py:2905} ERROR - Task failed with exception
Traceback (most recent call last):
  File "/home/airflow/.local/lib/python3.10/site-packages/airflow/models/taskinstance.py", line 465, in _execute_task
    result = _execute_callable(context=context, **execute_callable_kwargs)
  File "/home/airflow/.local/lib/python3.10/site-packages/airflow/models/taskinstance.py", line 432, in _execute_callable
    return execute_callable(context=context, **execute_callable_kwargs)
  File "/home/airflow/.local/lib/python3.10/site-packages/airflow/models/baseoperator.py", line 401, in wrapper
    return func(self, *args, **kwargs)
  File "/home/airflow/.local/lib/python3.10/site-packages/airflow/providers/docker/operators/docker.py", line 495, in execute
    if self.force_pull or not self.cli.images(name=self.image):
  File "/home/airflow/.local/lib/python3.10/site-packages/airflow/providers/docker/operators/docker.py", line 363, in cli
    return self.hook.api_client
  File "/usr/local/lib/python3.10/functools.py", line 981, in __get__
    val = self.func(instance)
  File "/home/airflow/.local/lib/python3.10/site-packages/airflow/providers/docker/hooks/docker.py", line 161, in api_client
    raise AirflowException("Failed to establish connection to any given Docker hosts.")
airflow.exceptions.AirflowException: Failed to establish connection to any given Docker hosts.
[2025-12-09T12:34:21.828+0000] {taskinstance.py:1206} INFO - Marking task as FAILED. dag_id=bronze_ingestion_pipeline, task_id=run_connector, run_id=scheduled__2025-12-08T00:00:00+00:00, execution_date=20251208T000000, start_date=20251209T123421, end_date=20251209T123421
[2025-12-09T12:34:21.848+0000] {standard_task_runner.py:110} ERROR - Failed to execute job 10 for task run_connector (Failed to establish connection to any given Docker hosts.; 45)
[2025-12-09T12:34:21.903+0000] {local_task_job_runner.py:243} INFO - Task exited with return code 1
[2025-12-09T12:34:21.931+0000] {taskinstance.py:3503} INFO - 0 downstream tasks scheduled from follow-on schedule check
[2025-12-09T12:34:21.934+0000] {local_task_job_runner.py:222} INFO - ::endgroup::
